Drill report for TSALv3.kicad_pcb
Created on 24-12-2023 17:04:13

Copper Layer Stackup:
    =============================================================
    L1 :  F.Cu                      front
    L2 :  B.Cu                      back


Drill file 'TSALv3-PTH.drl' contains
    plated through holes:
    =============================================================
    T1  0.300mm  0.0118"  (5 holes)
    T2  0.770mm  0.0303"  (28 holes)
    T3  0.800mm  0.0315"  (86 holes)
    T4  1.100mm  0.0433"  (12 holes)
    T5  1.200mm  0.0472"  (2 holes)
    T6  1.300mm  0.0512"  (19 holes)
    T7  1.500mm  0.0591"  (8 holes)

    Total plated holes count 160


Drill file 'TSALv3-NPTH.drl' contains
    unplated through holes:
    =============================================================
    T1  3.500mm  0.1378"  (3 holes)

    Total unplated holes count 3
